#
# There is insufficient memory for the Java Runtime Environment to continue.
# Native memory allocation (malloc) failed to allocate 1048576 bytes for AllocateHeap
# Possible reasons:
#   The system is out of physical RAM or swap space
#   In 32 bit mode, the process size limit was hit
# Possible solutions:
#   Reduce memory load on the system
#   Increase physical memory or swap space
#   Check if swap backing store is full
#   Use 64 bit Java on a 64 bit OS
#   Decrease Java heap size (-Xmx/-Xms)
#   Decrease number of Java threads
#   Decrease Java thread stack sizes (-Xss)
#   Set larger code cache with -XX:ReservedCodeCacheSize=
# This output file may be truncated or incomplete.
#
#  Out of Memory Error (memory/allocation.inline.hpp:61), pid=11484, tid=11524
#
# JRE version:  (8.0_45-b15) (build )
# Java VM: Java HotSpot(TM) 64-Bit Server VM (25.45-b02 mixed mode windows-amd64 compressed oops)
# Failed to write core dump. Minidumps are not enabled by default on client versions of Windows
#

---------------  T H R E A D  ---------------

Current thread (0x0000000002794000):  JavaThread "Unknown thread" [_thread_in_vm, id=11524, stack(0x0000000002690000,0x0000000002790000)]

Stack: [0x0000000002690000,0x0000000002790000]
[error occurred during error reporting (printing stack bounds), id 0xc0000005]

Native frames: (J=compiled Java code, j=interpreted, Vv=VM code, C=native code)
V  [jvm.dll+0x32b57a]
V  [jvm.dll+0x279873]
V  [jvm.dll+0x27a509]
V  [jvm.dll+0x29aa24]
C  [KERNELBASE.dll+0x7031e]
C  [ntdll.dll+0x98cd2]
C  [ntdll.dll+0x84296]
C  [ntdll.dll+0x9666d]
C  [ntdll.dll+0x13c00]
C  [ntdll.dll+0x9577a]
V  [jvm.dll+0x21bcd1]


---------------  P R O C E S S  ---------------

Java Threads: ( => current thread )

Other Threads:

=>0x0000000002794000 (exited) JavaThread "Unknown thread" [_thread_in_vm, id=11524, stack(0x0000000002690000,0x0000000002790000)]

VM state:not at safepoint (normal execution)

VM Mutex/Monitor currently owned by a thread: None

Heap:
 PSYoungGen      total 38400K, used 665K [0x00000000d5600000, 0x00000000d8080000, 0x0000000100000000)
  eden space 33280K, 2% used [0x00000000d5600000,0x00000000d56a6670,0x00000000d7680000)
  from space 5120K, 0% used [0x00000000d7b80000,0x00000000d7b80000,0x00000000d8080000)
  to   space 5120K, 0% used [0x00000000d7680000,0x00000000d7680000,0x00000000d7b80000)
 ParOldGen       total 87552K, used 0K [0x0000000080200000, 0x0000000085780000, 0x00000000d5600000)
  object space 87552K, 0% used [0x0000000080200000,0x0000000080200000,0x0000000085780000)
 Metaspace       used 766K, capacity 4480K, committed 4480K, reserved 1056768K
  class space    used 75K, capacity 384K, committed 384K, reserved 1048576K

Card table byte_map: [0x0000000011c50000,0x0000000012050000] byte_map_base: 0x000000001184f000

Marking Bits: (ParMarkBitMap*) 0x0000000063f64040
 Begin Bits: [0x0000000012b00000, 0x0000000014af8000)
 End Bits:   [0x0000000014af8000, 0x0000000016af0000)

Polling page: 0x00000000024c0000

CodeCache: size=245760Kb used=327Kb max_used=327Kb free=245432Kb
 bounds [0x0000000002890000, 0x0000000002b00000, 0x0000000011890000]
 total_blobs=56 nmethods=0 adapters=37
 compilation: enabled

Compilation events (0 events):
No events

GC Heap History (0 events):
No events

Deoptimization events (0 events):
No events

Internal exceptions (0 events):
No events

Events (10 events):
Event: 0.036 loading class java/lang/Short
Event: 0.036 loading class java/lang/Short done
Event: 0.036 loading class java/lang/Integer
Event: 0.036 loading class java/lang/Integer done
Event: 0.036 loading class java/lang/Long
Event: 0.037 loading class java/lang/Long done
Event: 0.037 loading class java/lang/NullPointerException
Event: 0.037 loading class java/lang/NullPointerException done
Event: 0.037 loading class java/lang/ArithmeticException
Event: 0.038 loading class java/lang/ArithmeticException done


Dynamic libraries:
0x00007ff732a70000 - 0x00007ff732aa7000 	C:\Program Files\Java\jdk1.8.0_45\jre\bin\javaw.exe
0x00007ffae1a40000 - 0x00007ffae1c02000 	C:\Windows\SYSTEM32\ntdll.dll
0x00007ffadf100000 - 0x00007ffadf1ad000 	C:\Windows\system32\KERNEL32.DLL
0x00007ffadeb80000 - 0x00007ffaded5d000 	C:\Windows\system32\KERNELBASE.dll
0x00007ffadf8b0000 - 0x00007ffadf956000 	C:\Windows\system32\ADVAPI32.dll
0x00007ffadf1b0000 - 0x00007ffadf24d000 	C:\Windows\system32\msvcrt.dll
0x00007ffae1920000 - 0x00007ffae197b000 	C:\Windows\system32\sechost.dll
0x00007ffadf3a0000 - 0x00007ffadf4c6000 	C:\Windows\system32\RPCRT4.dll
0x00007ffadf4d0000 - 0x00007ffadf61e000 	C:\Windows\system32\USER32.dll
0x00007ffadfcc0000 - 0x00007ffadfe43000 	C:\Windows\system32\GDI32.dll
0x00007ffad6dd0000 - 0x00007ffad7044000 	C:\Windows\WinSxS\amd64_microsoft.windows.common-controls_6595b64144ccf1df_6.0.10240.17184_none_f41d7a705752bce6\COMCTL32.dll
0x00007ffadf960000 - 0x00007ffadf996000 	C:\Windows\system32\IMM32.DLL
0x00007ffae0000000 - 0x00007ffae015c000 	C:\Windows\system32\MSCTF.dll
0x00000000635c0000 - 0x0000000063692000 	C:\Program Files\Java\jdk1.8.0_45\jre\bin\msvcr100.dll
0x0000000063760000 - 0x0000000063fe3000 	C:\Program Files\Java\jdk1.8.0_45\jre\bin\server\jvm.dll
0x00007ffadfcb0000 - 0x00007ffadfcb8000 	C:\Windows\system32\PSAPI.DLL
0x00007ffad2a90000 - 0x00007ffad2a99000 	C:\Windows\SYSTEM32\WSOCK32.dll
0x00007ffadc840000 - 0x00007ffadc863000 	C:\Windows\SYSTEM32\WINMM.dll
0x00007ffadaf90000 - 0x00007ffadaf9a000 	C:\Windows\SYSTEM32\VERSION.dll
0x00007ffadf760000 - 0x00007ffadf7c9000 	C:\Windows\system32\WS2_32.dll
0x00007ffadf6f0000 - 0x00007ffadf6f8000 	C:\Windows\system32\NSI.dll
0x00007ffadc7e0000 - 0x00007ffadc80c000 	C:\Windows\SYSTEM32\WINMMBASE.dll
0x00007ffade500000 - 0x00007ffade544000 	C:\Windows\system32\cfgmgr32.dll
0x00007ffadcc30000 - 0x00007ffadcc57000 	C:\Windows\SYSTEM32\DEVOBJ.dll
0x0000000064720000 - 0x000000006472f000 	C:\Program Files\Java\jdk1.8.0_45\jre\bin\verify.dll
0x0000000063730000 - 0x0000000063759000 	C:\Program Files\Java\jdk1.8.0_45\jre\bin\java.dll
0x0000000063710000 - 0x0000000063726000 	C:\Program Files\Java\jdk1.8.0_45\jre\bin\zip.dll
0x00007ffad14c0000 - 0x00007ffad164a000 	C:\Windows\SYSTEM32\dbghelp.dll

VM Arguments:
jvm_args: -Dfile.encoding=Cp1252 
java_command: org.eclipse.jdt.internal.junit.runner.RemoteTestRunner -version 3 -port 52246 -testLoaderClass org.eclipse.jdt.internal.junit4.runner.JUnit4TestLoader -loaderpluginname org.eclipse.jdt.junit4.runtime -classNames com.stackroute.activitystream.test.MessageControllerTest
java_class_path (initial): E:\TTTBanglore4Sept\ActivityStream\assignment-solution-step1\target\test-classes;E:\TTTBanglore4Sept\ActivityStream\assignment-solution-step1\target\classes;E:\Softwares\KS Softwares\apache-tomcat-8.0.33\lib\annotations-api.jar;E:\Softwares\KS Softwares\apache-tomcat-8.0.33\lib\catalina-ant.jar;E:\Softwares\KS Softwares\apache-tomcat-8.0.33\lib\catalina-ha.jar;E:\Softwares\KS Softwares\apache-tomcat-8.0.33\lib\catalina-storeconfig.jar;E:\Softwares\KS Softwares\apache-tomcat-8.0.33\lib\catalina-tribes.jar;E:\Softwares\KS Softwares\apache-tomcat-8.0.33\lib\catalina.jar;E:\Softwares\KS Softwares\apache-tomcat-8.0.33\lib\ecj-4.5.jar;E:\Softwares\KS Softwares\apache-tomcat-8.0.33\lib\el-api.jar;E:\Softwares\KS Softwares\apache-tomcat-8.0.33\lib\jasper-el.jar;E:\Softwares\KS Softwares\apache-tomcat-8.0.33\lib\jasper.jar;E:\Softwares\KS Softwares\apache-tomcat-8.0.33\lib\jsp-api.jar;E:\Softwares\KS Softwares\apache-tomcat-8.0.33\lib\servlet-api.jar;E:\Softwares\KS Softwares\apache-tomcat-8.0.33\lib\tomcat-api.jar;E:\Softwares\KS Softwares\apache-tomcat-8.0.33\lib\tomcat-coyote.jar;E:\Softwares\KS Softwares\apache-tomcat-8.0.33\lib\tomcat-dbcp.jar;E:\Softwares\KS Softwares\apache-tomcat-8.0.33\lib\tomcat-i18n-es.jar;E:\Softwares\KS Softwares\apache-tomcat-8.0.33\lib\tomcat-i18n-fr.jar;E:\Softwares\KS Softwares\apache-tomcat-8.0.33\lib\tomcat-i18n-ja.jar;E:\Softwares\KS Softwares\apache-tomcat-8.0.33\lib\tomcat-jdbc.jar;E:\Softwares\KS Softwares\apache-tomcat-8.0.33\lib\tomcat-jni.jar;E:\Softwares\KS Softwares\apache-tomcat-8.0.33\lib\tomcat-util-scan.jar;E:\Softwares\KS Softwares\apache-tomcat-8.0.33\lib\tomcat-util.jar;E:\Softwares\KS Softwares\apache-tomcat-8.0.33\lib\tomcat-websocket.jar;E:\Softwares\KS Softwares\apache-tomcat-8.0.33\lib\websocket-api.jar;C:\Users\mruser\.m2\repository\junit\junit\4.12\junit-4.12.jar;C:\Users\mruser\.m2\repository\org\hamcrest\hamcrest-core\1.3\hamcrest-core-1.3.jar;C:\Users\mruser\.m2\repository\org\hibernat
Launcher Type: SUN_STANDARD

Environment Variables:
JAVA_HOME=c:\Program Files\Java\jdk1.8.0_45
PATH=C:/Program Files/Java/jdk1.8.0_45/bin/../jre/bin/server;C:/Program Files/Java/jdk1.8.0_45/bin/../jre/bin;C:/Program Files/Java/jdk1.8.0_45/bin/../jre/lib/amd64;C:\oraclexe\app\oracle\product\11.2.0\server\bin;;C:\Windows\system32;C:\Windows;C:\Windows\System32\Wbem;C:\Windows\System32\WindowsPowerShell\v1.0\;C:\Program Files (x86)\jZip;C:\Program Files (x86)\Microsoft SQL Server\90\Tools\binn\;C:\Program Files (x86)\Microsoft ASP.NET\ASP.NET Web Pages\v1.0\;C:\Program Files\Microsoft SQL Server\110\Tools\Binn\;C:\Program Files (x86)\Windows Kits\8.1\Windows Performance Toolkit\;C:\Program Files (x86)\Microsoft SDKs\TypeScript\1.0\;C:\Program Files\Microsoft SQL Server\120\Tools\Binn\;C:\Program Files (x86)\Microsoft SQL Server\100\Tools\Binn\VSShell\Common7\IDE\;C:\Program Files (x86)\Microsoft SQL Server\100\Tools\Binn\;C:\Program Files\Microsoft SQL Server\100\Tools\Binn\;C:\Program Files (x86)\Microsoft SQL Server\100\DTS\Binn\;C:\Program Files\Java\jdk1.8.0_45\bin;C:\Program Files\Microsoft\Web Platform Installer\C:\Program Files\Java\jdk1.8.0_45\bin;C:\Program Files\Git\cmd;c:\Program Files\apache-maven-3.3.9\bin;C:\Program Files (x86)\Skype\Phone\;C:\Program Files\MySQL\MySQL Server 5.5\bin;C:\eclipse;
USERNAME=MRuser
OS=Windows_NT
PROCESSOR_IDENTIFIER=Intel64 Family 6 Model 30 Stepping 5, GenuineIntel



---------------  S Y S T E M  ---------------

OS: Windows 10.0 , 64 bit Build 10240 (10.0.10240.17113)

CPU:total 8 (4 cores per cpu, 2 threads per core) family 6 model 30 stepping 5, cmov, cx8, fxsr, mmx, sse, sse2, sse3, ssse3, sse4.1, sse4.2, popcnt, ht, tsc, tscinvbit

Memory: 4k page, physical 8378192k(1836952k free), swap 23674060k(4104k free)

vm_info: Java HotSpot(TM) 64-Bit Server VM (25.45-b02) for windows-amd64 JRE (1.8.0_45-b15), built on Apr 30 2015 12:40:44 by "java_re" with MS VC++ 10.0 (VS2010)

time: Tue Nov 14 16:58:27 2017
elapsed time: 0 seconds (0d 0h 0m 0s)

